0 info it worked if it ends with ok
1 verbose cli [ 'node', '/usr/local/bin/npm', 'install', '--save', 'zlib' ]
2 info using npm@2.12.1
3 info using node@v0.12.7
4 verbose node symlink /usr/local/bin/node
5 verbose install initial load of /Users/christiaanmealey/dev/altdriver/package.json
6 verbose installManyTop reading scoped package data from /Users/christiaanmealey/dev/altdriver/node_modules/angular/package.json
7 verbose installManyTop reading scoped package data from /Users/christiaanmealey/dev/altdriver/node_modules/angular-mocks/package.json
8 verbose installManyTop reading scoped package data from /Users/christiaanmealey/dev/altdriver/node_modules/angular-resource/package.json
9 verbose installManyTop reading scoped package data from /Users/christiaanmealey/dev/altdriver/node_modules/angular-route/package.json
10 verbose installManyTop reading scoped package data from /Users/christiaanmealey/dev/altdriver/node_modules/angular-sanitize/package.json
11 verbose installManyTop reading scoped package data from /Users/christiaanmealey/dev/altdriver/node_modules/async/package.json
12 verbose installManyTop reading scoped package data from /Users/christiaanmealey/dev/altdriver/node_modules/aws-sdk/package.json
13 verbose installManyTop reading scoped package data from /Users/christiaanmealey/dev/altdriver/node_modules/body-parser/package.json
14 verbose installManyTop reading scoped package data from /Users/christiaanmealey/dev/altdriver/node_modules/clean/package.json
15 verbose installManyTop reading scoped package data from /Users/christiaanmealey/dev/altdriver/node_modules/consolidate/package.json
16 verbose installManyTop reading scoped package data from /Users/christiaanmealey/dev/altdriver/node_modules/continuation-local-storage/package.json
17 verbose installManyTop reading scoped package data from /Users/christiaanmealey/dev/altdriver/node_modules/event-stream/package.json
18 verbose installManyTop reading scoped package data from /Users/christiaanmealey/dev/altdriver/node_modules/express/package.json
19 verbose installManyTop reading scoped package data from /Users/christiaanmealey/dev/altdriver/node_modules/forever/package.json
20 verbose installManyTop reading scoped package data from /Users/christiaanmealey/dev/altdriver/node_modules/fs/package.json
21 verbose installManyTop reading scoped package data from /Users/christiaanmealey/dev/altdriver/node_modules/gulp/package.json
22 verbose installManyTop reading scoped package data from /Users/christiaanmealey/dev/altdriver/node_modules/gulp-browserify/package.json
23 verbose installManyTop reading scoped package data from /Users/christiaanmealey/dev/altdriver/node_modules/gulp-clean/package.json
24 verbose installManyTop reading scoped package data from /Users/christiaanmealey/dev/altdriver/node_modules/gulp-concat/package.json
25 verbose installManyTop reading scoped package data from /Users/christiaanmealey/dev/altdriver/node_modules/gulp-csslint/package.json
26 verbose installManyTop reading scoped package data from /Users/christiaanmealey/dev/altdriver/node_modules/gulp-cssmin/package.json
27 verbose installManyTop reading scoped package data from /Users/christiaanmealey/dev/altdriver/node_modules/gulp-exec/package.json
28 verbose installManyTop reading scoped package data from /Users/christiaanmealey/dev/altdriver/node_modules/gulp-jasmine/package.json
29 verbose installManyTop reading scoped package data from /Users/christiaanmealey/dev/altdriver/node_modules/gulp-jshint/package.json
30 verbose installManyTop reading scoped package data from /Users/christiaanmealey/dev/altdriver/node_modules/gulp-load-plugins/package.json
31 verbose installManyTop reading scoped package data from /Users/christiaanmealey/dev/altdriver/node_modules/gulp-ng-config/package.json
32 verbose installManyTop reading scoped package data from /Users/christiaanmealey/dev/altdriver/node_modules/gulp-nodemon/package.json
33 verbose installManyTop reading scoped package data from /Users/christiaanmealey/dev/altdriver/node_modules/gulp-rename/package.json
34 verbose installManyTop reading scoped package data from /Users/christiaanmealey/dev/altdriver/node_modules/gulp-sass/package.json
35 verbose installManyTop reading scoped package data from /Users/christiaanmealey/dev/altdriver/node_modules/gulp-uglify/package.json
36 verbose installManyTop reading scoped package data from /Users/christiaanmealey/dev/altdriver/node_modules/jasmine-core/package.json
37 verbose installManyTop reading scoped package data from /Users/christiaanmealey/dev/altdriver/node_modules/jasmine-reporters/package.json
38 verbose installManyTop reading scoped package data from /Users/christiaanmealey/dev/altdriver/node_modules/jquery/package.json
39 verbose installManyTop reading scoped package data from /Users/christiaanmealey/dev/altdriver/node_modules/js-md5/package.json
40 verbose installManyTop reading scoped package data from /Users/christiaanmealey/dev/altdriver/node_modules/karma/package.json
41 verbose installManyTop reading scoped package data from /Users/christiaanmealey/dev/altdriver/node_modules/karma-browserify/package.json
42 verbose installManyTop reading scoped package data from /Users/christiaanmealey/dev/altdriver/node_modules/karma-chrome-launcher/package.json
43 verbose installManyTop reading scoped package data from /Users/christiaanmealey/dev/altdriver/node_modules/karma-commonjs/package.json
44 verbose installManyTop reading scoped package data from /Users/christiaanmealey/dev/altdriver/node_modules/karma-firefox-launcher/package.json
45 verbose installManyTop reading scoped package data from /Users/christiaanmealey/dev/altdriver/node_modules/karma-jasmine/package.json
46 verbose installManyTop reading scoped package data from /Users/christiaanmealey/dev/altdriver/node_modules/karma-requirejs/package.json
47 verbose installManyTop reading scoped package data from /Users/christiaanmealey/dev/altdriver/node_modules/lodash/package.json
48 verbose installManyTop reading scoped package data from /Users/christiaanmealey/dev/altdriver/node_modules/mongodb/package.json
49 verbose installManyTop reading scoped package data from /Users/christiaanmealey/dev/altdriver/node_modules/mongoose/package.json
50 verbose installManyTop reading scoped package data from /Users/christiaanmealey/dev/altdriver/node_modules/multiparty/package.json
51 verbose installManyTop reading scoped package data from /Users/christiaanmealey/dev/altdriver/node_modules/newrelic/package.json
52 verbose installManyTop reading scoped package data from /Users/christiaanmealey/dev/altdriver/node_modules/node-ses/package.json
53 verbose installManyTop reading scoped package data from /Users/christiaanmealey/dev/altdriver/node_modules/path/package.json
54 verbose installManyTop reading scoped package data from /Users/christiaanmealey/dev/altdriver/node_modules/raw-loader/package.json
55 verbose installManyTop reading scoped package data from /Users/christiaanmealey/dev/altdriver/node_modules/request/package.json
56 verbose installManyTop reading scoped package data from /Users/christiaanmealey/dev/altdriver/node_modules/requirejs/package.json
57 verbose installManyTop reading scoped package data from /Users/christiaanmealey/dev/altdriver/node_modules/run-sequence/package.json
58 verbose installManyTop reading scoped package data from /Users/christiaanmealey/dev/altdriver/node_modules/script-loader/package.json
59 verbose installManyTop reading scoped package data from /Users/christiaanmealey/dev/altdriver/node_modules/source-map/package.json
60 verbose installManyTop reading scoped package data from /Users/christiaanmealey/dev/altdriver/node_modules/swig/package.json
61 verbose installManyTop reading scoped package data from /Users/christiaanmealey/dev/altdriver/node_modules/underscore/package.json
62 verbose installManyTop reading scoped package data from /Users/christiaanmealey/dev/altdriver/node_modules/util/package.json
63 info package.json continuation-local-storage@3.1.4 license should be a valid SPDX license expression
64 info package.json fs@0.0.2 fs is also the name of a node core module.
65 info package.json fs@0.0.2 No description
66 info package.json fs@0.0.2 No repository field.
67 info package.json fs@0.0.2 No README data
68 info package.json gulp-clean@0.2.4 No license field.
69 info package.json gulp-rename@1.2.2 No license field.
70 info package.json jasmine-reporters@2.0.7 No license field.
71 info package.json jquery@2.1.4 No license field.
72 info package.json raw-loader@0.5.1 No license field.
73 info package.json path@0.11.14 path is also the name of a node core module.
74 info package.json requirejs@2.1.20 No license field.
75 info package.json script-loader@0.6.1 No license field.
76 info package.json util@0.10.3 util is also the name of a node core module.
77 info package.json newrelic@1.23.1 No license field.
78 verbose readDependencies loading dependencies from /Users/christiaanmealey/dev/altdriver/package.json
79 silly cache add args [ 'zlib', null ]
80 verbose cache add spec zlib
81 silly cache add parsed spec { raw: 'zlib',
81 silly cache add   scope: null,
81 silly cache add   name: 'zlib',
81 silly cache add   rawSpec: '',
81 silly cache add   spec: '*',
81 silly cache add   type: 'range' }
82 silly addNamed zlib@*
83 verbose addNamed "*" is a valid semver range for zlib
84 silly addNameRange { name: 'zlib', range: '*', hasData: false }
85 silly mapToRegistry name zlib
86 silly mapToRegistry using default registry
87 silly mapToRegistry registry https://registry.npmjs.org/
88 silly mapToRegistry uri https://registry.npmjs.org/zlib
89 verbose addNameRange registry:https://registry.npmjs.org/zlib not in flight; fetching
90 verbose request uri https://registry.npmjs.org/zlib
91 verbose request no auth needed
92 info attempt registry request try #1 at 09:46:14
93 verbose request id 04a63c91885cff14
94 http request GET https://registry.npmjs.org/zlib
95 http 200 https://registry.npmjs.org/zlib
96 silly get cb [ 200,
96 silly get   { server: 'CouchDB/1.5.0 (Erlang OTP/R16B03)',
96 silly get     etag: '"5ZD8OZO6M8FVHQHJHDOOR2QN9"',
96 silly get     'content-type': 'application/json',
96 silly get     'cache-control': 'max-age=300',
96 silly get     'content-length': '6093',
96 silly get     'accept-ranges': 'bytes',
96 silly get     date: 'Mon, 21 Dec 2015 14:46:13 GMT',
96 silly get     via: '1.1 varnish',
96 silly get     age: '0',
96 silly get     connection: 'keep-alive',
96 silly get     'x-served-by': 'cache-jfk1025-JFK',
96 silly get     'x-cache': 'MISS',
96 silly get     'x-cache-hits': '0',
96 silly get     'x-timer': 'S1450709172.760144,VS0,VE335',
96 silly get     vary: 'Accept' } ]
97 verbose get saving zlib to /Users/christiaanmealey/.npm/registry.npmjs.org/zlib/.cache.json
98 silly addNameRange number 2 { name: 'zlib', range: '*', hasData: true }
99 silly addNameRange versions [ 'zlib',
99 silly addNameRange   [ '1.0.0', '1.0.1', '1.0.2', '1.0.3', '1.0.4', '1.0.5' ] ]
100 silly addNamed zlib@1.0.5
101 verbose addNamed "1.0.5" is a plain semver version for zlib
102 silly mapToRegistry name zlib
103 silly mapToRegistry using default registry
104 silly mapToRegistry registry https://registry.npmjs.org/
105 silly mapToRegistry uri https://registry.npmjs.org/zlib
106 verbose addRemoteTarball https://registry.npmjs.org/zlib/-/zlib-1.0.5.tgz not in flight; adding
107 verbose addRemoteTarball [ 'https://registry.npmjs.org/zlib/-/zlib-1.0.5.tgz',
107 verbose addRemoteTarball   '6e7c972fc371c645a6afb03ab14769def114fcc0' ]
108 info retry fetch attempt 1 at 09:46:15
109 info attempt registry request try #1 at 09:46:15
110 http fetch GET https://registry.npmjs.org/zlib/-/zlib-1.0.5.tgz
111 http fetch 200 https://registry.npmjs.org/zlib/-/zlib-1.0.5.tgz
112 silly fetchAndShaCheck shasum 6e7c972fc371c645a6afb03ab14769def114fcc0
113 verbose addTmpTarball /var/folders/d6/v_h7lvhx4b55kv_zhjbr8t8r0000gn/T/npm-31538-b8424537/registry.npmjs.org/zlib/-/zlib-1.0.5.tgz not in flight; adding
114 verbose addTmpTarball already have metadata; skipping unpack for zlib@1.0.5
115 silly cache afterAdd zlib@1.0.5
116 verbose afterAdd /Users/christiaanmealey/.npm/zlib/1.0.5/package/package.json not in flight; writing
117 verbose afterAdd /Users/christiaanmealey/.npm/zlib/1.0.5/package/package.json written
118 silly install resolved [ { name: 'zlib',
118 silly install resolved     description: 'Simple, synchronous deflate/inflate for buffers',
118 silly install resolved     version: '1.0.5',
118 silly install resolved     homepage: 'https://github.com/kkaefer/node-zlib',
118 silly install resolved     author: { name: 'Konstantin Käfer', email: 'kkaefer@gmail.com' },
118 silly install resolved     repository: { type: 'git', url: 'git://github.com/kkaefer/node-zlib.git' },
118 silly install resolved     engines: { node: '>=0.2.0' },
118 silly install resolved     licenses: [ [Object] ],
118 silly install resolved     main: './lib/zlib',
118 silly install resolved     _npmJsonOpts:
118 silly install resolved      { file: '/Users/kkaefer/.npm/zlib/1.0.5/package/package.json',
118 silly install resolved        contributors: false,
118 silly install resolved        serverjs: false,
118 silly install resolved        wscript: true },
118 silly install resolved     _id: 'zlib@1.0.5',
118 silly install resolved     scripts: { preinstall: 'node-waf clean || true; node-waf configure build' },
118 silly install resolved     dependencies: {},
118 silly install resolved     devDependencies: {},
118 silly install resolved     _engineSupported: true,
118 silly install resolved     _npmVersion: '1.0.23',
118 silly install resolved     _nodeVersion: 'v0.4.9',
118 silly install resolved     _defaultsLoaded: true,
118 silly install resolved     dist:
118 silly install resolved      { shasum: '6e7c972fc371c645a6afb03ab14769def114fcc0',
118 silly install resolved        tarball: 'http://registry.npmjs.org/zlib/-/zlib-1.0.5.tgz' },
118 silly install resolved     maintainers: [ [Object], [Object], [Object], [Object], [Object] ],
118 silly install resolved     directories: {},
118 silly install resolved     _shasum: '6e7c972fc371c645a6afb03ab14769def114fcc0',
118 silly install resolved     _resolved: 'https://registry.npmjs.org/zlib/-/zlib-1.0.5.tgz',
118 silly install resolved     _from: 'zlib@*' } ]
119 info install zlib@1.0.5 into /Users/christiaanmealey/dev/altdriver
120 info installOne zlib@1.0.5
121 verbose installOne of zlib to /Users/christiaanmealey/dev/altdriver not in flight; installing
122 verbose lock using /Users/christiaanmealey/.npm/_locks/zlib-d506bb68a2172bac.lock for /Users/christiaanmealey/dev/altdriver/node_modules/zlib
123 silly install write writing zlib 1.0.5 to /Users/christiaanmealey/dev/altdriver/node_modules/zlib
124 verbose unbuild node_modules/zlib
125 silly gentlyRm /Users/christiaanmealey/dev/altdriver/node_modules/zlib is being purged from base /Users/christiaanmealey/dev/altdriver
126 verbose gentlyRm don't care about contents; nuking /Users/christiaanmealey/dev/altdriver/node_modules/zlib
127 verbose tar unpack /Users/christiaanmealey/.npm/zlib/1.0.5/package.tgz
128 verbose tar unpacking to /Users/christiaanmealey/dev/altdriver/node_modules/zlib
129 silly gentlyRm /Users/christiaanmealey/dev/altdriver/node_modules/zlib is being purged
130 verbose gentlyRm don't care about contents; nuking /Users/christiaanmealey/dev/altdriver/node_modules/zlib
131 silly gunzTarPerm modes [ '755', '644' ]
132 silly gunzTarPerm extractEntry .gitignore
133 silly gunzTarPerm extractEntry configure
134 silly gunzTarPerm extractEntry index.js
135 silly gunzTarPerm extractEntry LICENSE
136 silly gunzTarPerm extractEntry Makefile
137 silly gunzTarPerm extractEntry package.json
138 silly gunzTarPerm extractEntry README.md
139 silly gunzTarPerm extractEntry wscript
140 silly gunzTarPerm extractEntry lib/zlib.js
141 silly gunzTarPerm extractEntry src/node-zlib.cc
142 silly gunzTarPerm extractEntry test/deflate.test.js
143 silly gunzTarPerm extractEntry test/inflate.test.js
144 verbose write writing to /Users/christiaanmealey/dev/altdriver/node_modules/zlib/package.json
145 info preinstall zlib@1.0.5
146 verbose unsafe-perm in lifecycle true
147 info zlib@1.0.5 Failed to exec preinstall script
148 verbose unlock done using /Users/christiaanmealey/.npm/_locks/zlib-d506bb68a2172bac.lock for /Users/christiaanmealey/dev/altdriver/node_modules/zlib
149 verbose stack Error: zlib@1.0.5 preinstall: `node-waf clean || true; node-waf configure build`
149 verbose stack spawn ENOENT
149 verbose stack     at ChildProcess.<anonymous> (/usr/local/lib/node_modules/npm/lib/utils/spawn.js:17:16)
149 verbose stack     at ChildProcess.emit (events.js:110:17)
149 verbose stack     at maybeClose (child_process.js:1015:16)
149 verbose stack     at Process.ChildProcess._handle.onexit (child_process.js:1087:5)
150 verbose pkgid zlib@1.0.5
151 verbose cwd /Users/christiaanmealey/dev/altdriver
152 error Darwin 14.5.0
153 error argv "node" "/usr/local/bin/npm" "install" "--save" "zlib"
154 error node v0.12.7
155 error npm  v2.12.1
156 error file sh
157 error code ELIFECYCLE
158 error errno ENOENT
159 error syscall spawn
160 error zlib@1.0.5 preinstall: `node-waf clean || true; node-waf configure build`
160 error spawn ENOENT
161 error Failed at the zlib@1.0.5 preinstall script 'node-waf clean || true; node-waf configure build'.
161 error This is most likely a problem with the zlib package,
161 error not with npm itself.
161 error Tell the author that this fails on your system:
161 error     node-waf clean || true; node-waf configure build
161 error You can get their info via:
161 error     npm owner ls zlib
161 error There is likely additional logging output above.
162 verbose exit [ 1, true ]
163 verbose unbuild node_modules/zlib
164 info preuninstall zlib@1.0.5
165 info uninstall zlib@1.0.5
166 verbose unbuild rmStuff zlib@1.0.5 from /Users/christiaanmealey/dev/altdriver/node_modules
167 info postuninstall zlib@1.0.5
168 silly gentlyRm /Users/christiaanmealey/dev/altdriver/node_modules/zlib is being purged from base /Users/christiaanmealey/dev/altdriver
169 verbose gentlyRm don't care about contents; nuking /Users/christiaanmealey/dev/altdriver/node_modules/zlib
170 silly vacuum-fs purging /Users/christiaanmealey/dev/altdriver/node_modules/zlib
171 silly vacuum-fs quitting because other entries in /Users/christiaanmealey/dev/altdriver/node_modules
